#
# A fatal error has been detected by the Java Runtime Environment:
#
#  EXCEPTION_IN_PAGE_ERROR (0xc0000006) at pc=0x00007fffc62e1989, pid=23864, tid=17332
#
# JRE version:  (17.0.10+7) (build )
# Java VM: OpenJDK 64-Bit Server VM (17.0.10+7-LTS, mixed mode, sharing, tiered, compressed oops, compressed class ptrs, g1 gc, windows-amd64)
# Problematic frame:
# C  [VCRUNTIME140.dll+0x1989]
#
# No core dump will be written. Minidumps are not enabled by default on client versions of Windows
#
#

---------------  S U M M A R Y ------------

Command Line: -ea -Didea.test.cyclic.buffer.size=1048576 -javaagent:C:\Program Files\JetBrains\IntelliJ IDEA Community Edition 2023.3.6\lib\idea_rt.jar=50818:C:\Program Files\JetBrains\IntelliJ IDEA Community Edition 2023.3.6\bin -Dfile.encoding=UTF-8 com.intellij.rt.testng.RemoteTestNGStarter -usedefaultlisteners false -socket50817 @w@C:\Users\ankit\AppData\Local\Temp\idea_working_dirs_testng.tmp -temp C:\Users\ankit\AppData\Local\Temp\idea_testng.tmp

Host: Intel(R) Core(TM) i5-5300U CPU @ 2.30GHz, 4 cores, 7G,  Windows 10 , 64 bit Build 19041 (10.0.19041.3636)
Time: Mon Apr  1 17:50:24 2024 India Standard Time elapsed time: 0.081576 seconds (0d 0h 0m 0s)

---------------  T H R E A D  ---------------

Current thread is native thread

Stack: [0x0000007665400000,0x0000007665500000],  sp=0x00000076654fee70,  free space=1019k
Native frames: (J=compiled Java code, j=interpreted, Vv=VM code, C=native code)
C  [VCRUNTIME140.dll+0x1989]
V  [jvm.dll+0x69ee53]
V  [jvm.dll+0x69db17]
V  [jvm.dll+0x69d6ce]
V  [jvm.dll+0x36c847]
V  [jvm.dll+0x7e4bd3]
V  [jvm.dll+0x3eff3f]
V  [jvm.dll+0x3f1b71]
C  [jli.dll+0x528f]
C  [ucrtbase.dll+0x21bb2]
C  [KERNEL32.DLL+0x17344]
C  [ntdll.dll+0x526b1]


siginfo: EXCEPTION_IN_PAGE_ERROR (0xc0000006), writing address 0x0000024be8220000


Registers:
RAX=0x0000000000000000, RBX=0x0000024be8220000, RCX=0x0000000000010000, RDX=0x0000000000000000
RSP=0x00000076654fee70, RBP=0x0000024be815fd80, RSI=0x0000024be7fd4280, RDI=0x0000024be8220000
R8 =0x0000000000010000, R9 =0x0000000000000000, R10=0x0000000000000000, R11=0x0000024be8220000
R12=0x0000000000000001, R13=0x00007fff948f7a60, R14=0x0000024be7fa6a20, R15=0x0000000000010000
RIP=0x00007fffc62e1989, EFLAGS=0x0000000000010202


Top of Stack: (sp=0x00000076654fee70)
0x00000076654fee70:   0000000000000000 00007fff945cee53
0x00000076654fee80:   0000024be815fd80 0000024be7fd4280
0x00000076654fee90:   0000024be7fd4280 000000000000016c
0x00000076654feea0:   0000000000010000 00000076654feec0
0x00000076654feeb0:   00000076654ff130 0000000000000104
0x00000076654feec0:   0000010100000103 0000024be815fd85
0x00000076654feed0:   0000024be7f90000 00000076654fef99
0x00000076654feee0:   0000000000000002 00007fffce21b3c7
0x00000076654feef0:   000000000000000c 0000000000000000
0x00000076654fef00:   0000000000000000 0000000000000030
0x00000076654fef10:   00000000005c3a43 0000024be7f90000
0x00000076654fef20:   0000000000001000 00007fffce20f47e
0x00000076654fef30:   0000024be815ed70 00007fffce1fa46c
0x00000076654fef40:   00000000000013c1 00007fffce35a540
0x00000076654fef50:   25f2047d00000000 000000007eea3ba3
0x00000076654fef60:   d30fe1b600000000 0000000000000000
0x00000076654fef70:   25f2047d00000000 00007fffce1fa36f
0x00000076654fef80:   0000000000000000 00000000153f35e6
0x00000076654fef90:   000000000000000c 0000024be80a0000
0x00000076654fefa0:   0000000000000000 00007fffce210b31
0x00000076654fefb0:   0000000000070007 0000024be80a0000
0x00000076654fefc0:   0000000000000003 0000000000000040
0x00000076654fefd0:   0000024be80a02ac 0000024be80a0000
0x00000076654fefe0:   0000024be80a0d80 0000024be815ed70
0x00000076654feff0:   0000024be7fccc30 00007fffce21b86b
0x00000076654ff000:   0000000000230053 00000000000000c1
0x00000076654ff010:   0000024be7fe2e40 0000000000000030
0x00000076654ff020:   0000000000001000 0000024be80a02ac
0x00000076654ff030:   0000024b00000000 0000024be80a0d80
0x00000076654ff040:   0000000100000002 0000024be80a0000
0x00000076654ff050:   0000024be80a02ac 00007fff0000000c
0x00000076654ff060:   0000000000000030 0000024be80a0cc0 

Instructions: (pc=0x00007fffc62e1989)
0x00007fffc62e1889:   49 03 c8 0f 10 44 11 f0 48 83 e9 10 49 83 e8 10
0x00007fffc62e1899:   f6 c1 0f 74 17 48 8b c1 48 83 e1 f0 0f 10 c8 0f
0x00007fffc62e18a9:   10 04 11 0f 11 08 4c 8b c1 4d 2b c3 4d 8b c8 49
0x00007fffc62e18b9:   c1 e9 07 74 6f 0f 29 01 eb 14 66 66 66 66 66 0f
0x00007fffc62e18c9:   1f 84 00 00 00 00 00 0f 29 41 10 0f 29 09 0f 10
0x00007fffc62e18d9:   44 11 f0 0f 10 4c 11 e0 48 81 e9 80 00 00 00 0f
0x00007fffc62e18e9:   29 41 70 0f 29 49 60 0f 10 44 11 50 0f 10 4c 11
0x00007fffc62e18f9:   40 49 ff c9 0f 29 41 50 0f 29 49 40 0f 10 44 11
0x00007fffc62e1909:   30 0f 10 4c 11 20 0f 29 41 30 0f 29 49 20 0f 10
0x00007fffc62e1919:   44 11 10 0f 10 0c 11 75 ae 0f 29 41 10 49 83 e0
0x00007fffc62e1929:   7f 0f 28 c1 4d 8b c8 49 c1 e9 04 74 1a 66 66 0f
0x00007fffc62e1939:   1f 84 00 00 00 00 00 0f 11 01 48 83 e9 10 0f 10
0x00007fffc62e1949:   04 11 49 ff c9 75 f0 49 83 e0 0f 74 08 41 0f 10
0x00007fffc62e1959:   0a 41 0f 11 0b 0f 11 01 49 8b c3 c3 cc cc cc cc
0x00007fffc62e1969:   cc cc cc cc cc cc cc cc cc cc cc cc cc 66 66 0f
0x00007fffc62e1979:   1f 84 00 00 00 00 00 57 8b c2 48 8b f9 49 8b c8
0x00007fffc62e1989:   f3 aa 49 8b c3 5f c3 cc cc cc cc cc cc 66 66 0f
0x00007fffc62e1999:   1f 84 00 00 00 00 00 4c 8b d9 0f b6 d2 49 b9 01
0x00007fffc62e19a9:   01 01 01 01 01 01 01 4c 0f af ca 49 83 f8 10 0f
0x00007fffc62e19b9:   86 f2 00 00 00 66 49 0f 6e c1 66 0f 60 c0 49 81
0x00007fffc62e19c9:   f8 80 00 00 00 77 10 e9 6b 00 00 00 66 66 66 0f
0x00007fffc62e19d9:   1f 84 00 00 00 00 00 f6 05 d5 49 01 00 02 75 97
0x00007fffc62e19e9:   0f 11 01 4c 03 c1 48 83 c1 10 48 83 e1 f0 4c 2b
0x00007fffc62e19f9:   c1 4d 8b c8 49 c1 e9 07 74 3d 4c 3b 0d 1e 46 01
0x00007fffc62e1a09:   00 0f 87 60 00 00 00 0f 29 01 0f 29 41 10 48 81
0x00007fffc62e1a19:   c1 80 00 00 00 0f 29 41 a0 0f 29 41 b0 49 ff c9
0x00007fffc62e1a29:   0f 29 41 c0 0f 29 41 d0 0f 29 41 e0 66 0f 29 41
0x00007fffc62e1a39:   f0 75 d4 49 83 e0 7f 4d 8b c8 49 c1 e9 04 74 13
0x00007fffc62e1a49:   0f 1f 80 00 00 00 00 0f 11 01 48 83 c1 10 49 ff
0x00007fffc62e1a59:   c9 75 f4 49 83 e0 0f 74 06 42 0f 11 44 01 f0 49
0x00007fffc62e1a69:   8b c3 c3 0f 1f 40 00 0f 2b 01 0f 2b 41 10 48 81
0x00007fffc62e1a79:   c1 80 00 00 00 0f 2b 41 a0 0f 2b 41 b0 49 ff c9 



---------------  P R O C E S S  ---------------

VM state: not at safepoint (not fully initialized)

VM Mutex/Monitor currently owned by a thread: None

Heap address: 0x0000000000000000, size: 0 MB, Compressed Oops mode: 32-bit

CDS archive(s) mapped at: [0x0000000000000000-0x0000000000000000-0x0000000000000000), size 0, SharedBaseAddress: 0x0000000800000000, ArchiveRelocationMode: 1.
Narrow klass base: 0x0000000000000000, Narrow klass shift: 0, Narrow klass range: 0x0

GC Precious Log:
<Not initialized>

Dll operation events (0 events):
No events

Deoptimization events (0 events):
No events

Classes unloaded (0 events):
No events

Classes redefined (0 events):
No events

Internal exceptions (0 events):
No events

VM Operations (0 events):
No events

Events (0 events):
No events


Dynamic libraries:
0x00007ff7eee60000 - 0x00007ff7eee6e000 	C:\Users\ankit\.jdks\corretto-17.0.10\bin\java.exe
0x00007fffce1f0000 - 0x00007fffce3e8000 	C:\Windows\SYSTEM32\ntdll.dll
0x00007fffcd280000 - 0x00007fffcd33d000 	C:\Windows\System32\KERNEL32.DLL
0x00007fffcb8a0000 - 0x00007fffcbb96000 	C:\Windows\System32\KERNELBASE.dll
0x00007fffcbd50000 - 0x00007fffcbe50000 	C:\Windows\System32\ucrtbase.dll
0x00007fffc6300000 - 0x00007fffc6317000 	C:\Users\ankit\.jdks\corretto-17.0.10\bin\jli.dll
0x00007fffcc220000 - 0x00007fffcc3be000 	C:\Windows\System32\USER32.dll
0x00007fffcc1f0000 - 0x00007fffcc212000 	C:\Windows\System32\win32u.dll
0x00007fffcd240000 - 0x00007fffcd26b000 	C:\Windows\System32\GDI32.dll
0x00007fffcc0d0000 - 0x00007fffcc1e7000 	C:\Windows\System32\gdi32full.dll
0x00007fffcbcb0000 - 0x00007fffcbd4d000 	C:\Windows\System32\msvcp_win.dll
0x00007fffc0a70000 - 0x00007fffc0d0a000 	C:\Windows\WinSxS\amd64_microsoft.windows.common-controls_6595b64144ccf1df_6.0.19041.3636_none_60b6a03d71f818d5\COMCTL32.dll
0x00007fffc62e0000 - 0x00007fffc62fb000 	C:\Users\ankit\.jdks\corretto-17.0.10\bin\VCRUNTIME140.dll
0x00007fffcc720000 - 0x00007fffcc7be000 	C:\Windows\System32\msvcrt.dll
0x00007fffcce70000 - 0x00007fffccea2000 	C:\Windows\System32\IMM32.DLL
0x00007fffc62b0000 - 0x00007fffc62bc000 	C:\Users\ankit\.jdks\corretto-17.0.10\bin\vcruntime140_1.dll
0x00007fffba530000 - 0x00007fffba5bd000 	C:\Users\ankit\.jdks\corretto-17.0.10\bin\msvcp140.dll
0x00007fff93f30000 - 0x00007fff94b92000 	C:\Users\ankit\.jdks\corretto-17.0.10\bin\server\jvm.dll
0x00007fffcdf70000 - 0x00007fffce020000 	C:\Windows\System32\ADVAPI32.dll
0x00007fffcceb0000 - 0x00007fffccf50000 	C:\Windows\System32\sechost.dll
0x00007fffcc870000 - 0x00007fffcc995000 	C:\Windows\System32\RPCRT4.dll
0x00007fffcbc30000 - 0x00007fffcbc57000 	C:\Windows\System32\bcrypt.dll
0x00007fffcb700000 - 0x00007fffcb74b000 	C:\Windows\SYSTEM32\POWRPROF.dll
0x00007fffc6330000 - 0x00007fffc6339000 	C:\Windows\SYSTEM32\WSOCK32.dll
0x00007fffcd030000 - 0x00007fffcd09b000 	C:\Windows\System32\WS2_32.dll
0x00007fffc1b20000 - 0x00007fffc1b47000 	C:\Windows\SYSTEM32\WINMM.dll
0x00007fffc11d0000 - 0x00007fffc11da000 	C:\Windows\SYSTEM32\VERSION.dll
0x00007fffcb6e0000 - 0x00007fffcb6f2000 	C:\Windows\SYSTEM32\UMPDC.dll
0x00007fffca130000 - 0x00007fffca142000 	C:\Windows\SYSTEM32\kernel.appcore.dll
0x00007fffc6280000 - 0x00007fffc628a000 	C:\Users\ankit\.jdks\corretto-17.0.10\bin\jimage.dll
0x00007fffc4050000 - 0x00007fffc4234000 	C:\Windows\SYSTEM32\DBGHELP.DLL
0x00007fffc4010000 - 0x00007fffc4044000 	C:\Windows\SYSTEM32\dbgcore.DLL
0x00007fffcbba0000 - 0x00007fffcbc22000 	C:\Windows\System32\bcryptPrimitives.dll
0x00007fffc6240000 - 0x00007fffc624e000 	C:\Users\ankit\.jdks\corretto-17.0.10\bin\instrument.dll
0x00007fffba9f0000 - 0x00007fffbaa15000 	C:\Users\ankit\.jdks\corretto-17.0.10\bin\java.dll

dbghelp: loaded successfully - version: 4.0.5 - missing functions: none
symbol engine: initialized successfully - sym options: 0x614 - pdb path: .;C:\Users\ankit\.jdks\corretto-17.0.10\bin;C:\Windows\SYSTEM32;C:\Windows\WinSxS\amd64_microsoft.windows.common-controls_6595b64144ccf1df_6.0.19041.3636_none_60b6a03d71f818d5;C:\Users\ankit\.jdks\corretto-17.0.10\bin\server

VM Arguments:
jvm_args: -ea -Didea.test.cyclic.buffer.size=1048576 -javaagent:C:\Program Files\JetBrains\IntelliJ IDEA Community Edition 2023.3.6\lib\idea_rt.jar=50818:C:\Program Files\JetBrains\IntelliJ IDEA Community Edition 2023.3.6\bin -Dfile.encoding=UTF-8 
java_command: com.intellij.rt.testng.RemoteTestNGStarter -usedefaultlisteners false -socket50817 @w@C:\Users\ankit\AppData\Local\Temp\idea_working_dirs_testng.tmp -temp C:\Users\ankit\AppData\Local\Temp\idea_testng.tmp
java_class_path (initial): C:\Program Files\JetBrains\IntelliJ IDEA Community Edition 2023.3.6\lib\idea_rt.jar;C:\Program Files\JetBrains\IntelliJ IDEA Community Edition 2023.3.6\plugins\testng\lib\testng-rt.jar;D:\ALF\target\test-classes;D:\ALF\target\classes;C:\Users\ankit\.m2\repository\io\github\bonigarcia\webdrivermanager\5.7.0\webdrivermanager-5.7.0.jar;C:\Users\ankit\.m2\repository\org\slf4j\slf4j-api\2.0.12\slf4j-api-2.0.12.jar;C:\Users\ankit\.m2\repository\com\google\code\gson\gson\2.10.1\gson-2.10.1.jar;C:\Users\ankit\.m2\repository\com\github\docker-java\docker-java\3.3.5\docker-java-3.3.5.jar;C:\Users\ankit\.m2\repository\com\github\docker-java\docker-java-core\3.3.5\docker-java-core-3.3.5.jar;C:\Users\ankit\.m2\repository\com\github\docker-java\docker-java-api\3.3.5\docker-java-api-3.3.5.jar;C:\Users\ankit\.m2\repository\com\fasterxml\jackson\core\jackson-annotations\2.10.3\jackson-annotations-2.10.3.jar;C:\Users\ankit\.m2\repository\com\fasterxml\jackson\core\jackson-databind\2.10.3\jackson-databind-2.10.3.jar;C:\Users\ankit\.m2\repository\com\fasterxml\jackson\core\jackson-core\2.10.3\jackson-core-2.10.3.jar;C:\Users\ankit\.m2\repository\org\bouncycastle\bcpkix-jdk18on\1.76\bcpkix-jdk18on-1.76.jar;C:\Users\ankit\.m2\repository\org\bouncycastle\bcprov-jdk18on\1.76\bcprov-jdk18on-1.76.jar;C:\Users\ankit\.m2\repository\org\bouncycastle\bcutil-jdk18on\1.76\bcutil-jdk18on-1.76.jar;C:\Users\ankit\.m2\repository\org\slf4j\jcl-over-slf4j\1.7.30\jcl-over-slf4j-1.7.30.jar;C:\Users\ankit\.m2\repository\com\github\docker-java\docker-java-transport-httpclient5\3.3.5\docker-java-transport-httpclient5-3.3.5.jar;C:\Users\ankit\.m2\repository\com\github\docker-java\docker-java-transport\3.3.5\docker-java-transport-3.3.5.jar;C:\Users\ankit\.m2\repository\net\java\dev\jna\jna\5.13.0\jna-5.13.0.jar;C:\Users\ankit\.m2\repository\org\brotli\dec\0.1.2\dec-0.1.2.jar;C:\Users\ankit\.m2\repository\org\apache\commons\commons-lang3\3.14.0\commons-lang3-3.14.0.jar;C:\Users\anki
Launcher Type: SUN_STANDARD

[Global flags]
     uint ConcGCThreads                            = 1                                         {product} {ergonomic}
     uint G1ConcRefinementThreads                  = 4                                         {product} {ergonomic}
    uintx GCDrainStackTargetSize                   = 64                                        {product} {ergonomic}
   size_t InitialHeapSize                          = 130598592                                 {product} {ergonomic}
   size_t MarkStackSize                            = 4194304                                   {product} {ergonomic}
   size_t MaxHeapSize                              = 2089577472                                {product} {ergonomic}
   size_t MinHeapSize                              = 6815736                                   {product} {ergonomic}
    uintx ReservedCodeCacheSize                    = 251658240                              {pd product} {ergonomic}
     bool SegmentedCodeCache                       = true                                      {product} {ergonomic}
     bool UseCompressedClassPointers               = true                           {product lp64_product} {ergonomic}
     bool UseCompressedOops                        = true                           {product lp64_product} {ergonomic}
     bool UseG1GC                                  = true                                      {product} {ergonomic}
     bool UseLargePagesIndividualAllocation        = false                                  {pd product} {ergonomic}

Logging:
Log output configuration:
 #0: stdout all=warning uptime,level,tags
 #1: stderr all=off uptime,level,tags

Environment Variables:
JAVA_HOME=C:\Program Files\Java\jdk1.8.0_202
PATH=C:\Program Files\Common Files\Oracle\Java\javapath;C:\Program Files (x86)\Common Files\Oracle\Java\javapath;C:\Windows\system32;C:\Windows;C:\Windows\System32\Wbem;C:\Windows\System32\WindowsPowerShell\v1.0\;C:\Windows\System32\OpenSSH\;C:\Program Files\Java\jdk1.8.0_202\bin;C:\Users\ankit\AppData\Local\Android\Sdk\tools;C:\Users\ankit\AppData\Local\Android\Sdk\platforms;C:\Users\ankit\AppData\Local\Android\Sdk\platform-tools;C:\Users\ankit\AppData\Local\Android\Sdk\build-tools;C:\Program Files\Java\jdk-21\bin;%MAVEN_HOME%\bin;C:\Users\ankit\AppData\Local\Microsoft\WindowsApps
USERNAME=ankit
OS=Windows_NT
PROCESSOR_IDENTIFIER=Intel64 Family 6 Model 61 Stepping 4, GenuineIntel
TMP=C:\Users\ankit\AppData\Local\Temp
TEMP=C:\Users\ankit\AppData\Local\Temp



Periodic native trim disabled


---------------  S Y S T E M  ---------------

OS:
 Windows 10 , 64 bit Build 19041 (10.0.19041.3636)
OS uptime: 14 days 20:24 hours

CPU: total 4 (initial active 4) 
Processor Information for all 4 processors :
  Max Mhz: 2301, Current Mhz: 2300, Mhz Limit: 2277

Memory: 4k page, system-wide physical 7971M (991M free)
TotalPageFile size 17713M (AvailPageFile size 2341M)
current process WorkingSet (physical memory assigned to process): 8M, peak: 8M
current process commit charge ("private bytes"): 3M, peak: 3M

vm_info: OpenJDK 64-Bit Server VM (17.0.10+7-LTS) for windows-amd64 JRE (17.0.10+7-LTS), built on Jan 10 2024 22:11:07 by "Administrator" with MS VC++ 16.10 / 16.11 (VS2019)

END.
